<?xml version="1.0" encoding="UTF-8"?>
<testng-results skipped="0" failed="0" ignored="0" total="1" passed="1">
  <reporter-output>
    <line>
      <![CDATA[Card validation test passed successfully]]>
    </line>
  </reporter-output>
  <suite name="Default suite" duration-ms="115" started-at="2018-07-22T13:44:26Z" finished-at="2018-07-22T13:44:26Z">
    <groups>
    </groups>
    <test name="Default test" duration-ms="115" started-at="2018-07-22T13:44:26Z" finished-at="2018-07-22T13:44:26Z">
      <class name="test.CardValidatorTest">
        <test-method status="PASS" signature="verifyCardIsValidAndIsOfVisaOrMasterType()[pri:0, instance:test.CardValidatorTest@32d992b2]" name="verifyCardIsValidAndIsOfVisaOrMasterType" duration-ms="54" started-at="2018-07-22T13:44:26Z" finished-at="2018-07-22T13:44:26Z">
          <reporter-output>
            <line>
              <![CDATA[Card validation test passed successfully]]>
            </line>
          </reporter-output>
        </test-method> <!-- verifyCardIsValidAndIsOfVisaOrMasterType -->
      </class> <!-- test.CardValidatorTest -->
    </test> <!-- Default test -->
  </suite> <!-- Default suite -->
</testng-results>
